<?xml version="1.0" encoding="UTF-8"?>
<!-- Generated by org.testng.reporters.JUnitXMLReporter -->
<testsuite ignored="0" hostname="DESKTOP-VQCS82H" failures="0" tests="6" name="Module 2" time="0.132" errors="0" timestamp="2019-09-01T11:39:03 IST">
  <testcase classname="basicAnnotations_M2.Scenario3" name="test1" time="0.0"/>
  <testcase classname="basicAnnotations_M2.Scenario3" name="test2" time="0.015"/>
  <testcase classname="basicAnnotations_M2.Scenario3" name="test3" time="0.016"/>
  <testcase classname="basicAnnotations_M2.Scenario4" name="test1" time="0.003"/>
  <testcase classname="basicAnnotations_M2.Scenario4" name="test2" time="0.005"/>
  <testcase classname="basicAnnotations_M2.Scenario4" name="test3" time="0.01"/>
</testsuite> <!-- Module 2 -->
