<?xml version="1.0" encoding="UTF-8"?>
<!-- Generated by org.testng.reporters.JUnitXMLReporter -->
<testsuite ignored="0" hostname="DESKTOP-VQCS82H" failures="0" tests="6" name="Module 1" time="0.165" errors="0" timestamp="2019-09-01T11:39:03 IST">
  <testcase classname="basicAnnotations_M1.Scenario2" name="test1" time="0.016"/>
  <testcase classname="basicAnnotations_M1.Scenario2" name="test2" time="0.003"/>
  <testcase classname="basicAnnotations_M1.Scenario2" name="test3" time="0.006"/>
  <testcase classname="basicAnnotations_M1.Scenario1" name="test1" time="0.001"/>
  <testcase classname="basicAnnotations_M1.Scenario1" name="test2" time="0.004"/>
  <testcase classname="basicAnnotations_M1.Scenario1" name="test3" time="0.0"/>
</testsuite> <!-- Module 1 -->
