<?xml version="1.0" encoding="UTF-8"?>
<testng-results skipped="0" failed="0" total="1" passed="1">
  <reporter-output>
  </reporter-output>
  <suite name="Default suite" duration-ms="5391" started-at="2019-09-22T07:37:56Z" finished-at="2019-09-22T07:38:02Z">
    <groups>
    </groups>
    <test name="Default test" duration-ms="5391" started-at="2019-09-22T07:37:56Z" finished-at="2019-09-22T07:38:02Z">
      <class name="testAPI.CreateARecord">
        <test-method status="PASS" signature="test1()[pri:0, instance:testAPI.CreateARecord@35851384]" name="test1" duration-ms="5371" started-at="2019-09-22T13:07:56Z" finished-at="2019-09-22T13:08:02Z">
          <reporter-output>
          </reporter-output>
        </test-method> <!-- test1 -->
      </class> <!-- testAPI.CreateARecord -->
    </test> <!-- Default test -->
  </suite> <!-- Default suite -->
</testng-results>
