<?xml version="1.0" encoding="UTF-8"?>
<!-- Generated by org.testng.reporters.JUnitXMLReporter -->
<testsuite ignored="0" hostname="DESKTOP-VQCS82H" failures="0" tests="3" name="Default test" time="0.096" errors="0" timestamp="2019-09-01T10:44:55 IST">
  <testcase classname="basicAnnotations_M1.Scenario1" name="test1" time="0.011"/>
  <testcase classname="basicAnnotations_M1.Scenario1" name="test2" time="0.016"/>
  <testcase classname="basicAnnotations_M1.Scenario1" name="test3" time="0.004"/>
</testsuite> <!-- Default test -->
