<?xml version="1.0" encoding="UTF-8"?>
<testng-results ignored="0" total="1" passed="1" failed="0" skipped="0">
  <reporter-output>
  </reporter-output>
  <suite started-at="2019-09-21T07:43:03 IST" name="Default suite" finished-at="2019-09-21T07:43:17 IST" duration-ms="14491">
    <groups>
    </groups>
    <test started-at="2019-09-21T07:43:03 IST" name="Default test" finished-at="2019-09-21T07:43:17 IST" duration-ms="14491">
      <class name="testScript.TC_MercuryTours_Login">
        <test-method is-config="true" signature="initialize()[pri:0, instance:testScript.TC_MercuryTours_Login@7a52f2a2]" started-at="2019-09-21T07:43:03 IST" name="initialize" finished-at="2019-09-21T07:43:08 IST" duration-ms="5339" status="PASS">
          <reporter-output>
          </reporter-output>
        </test-method> <!-- initialize -->
        <test-method signature="Script1()[pri:0, instance:testScript.TC_MercuryTours_Login@7a52f2a2]" started-at="2019-09-21T07:43:08 IST" name="Script1" finished-at="2019-09-21T07:43:17 IST" duration-ms="8328" status="PASS">
          <reporter-output>
          </reporter-output>
        </test-method> <!-- Script1 -->
        <test-method is-config="true" signature="tearDown()[pri:0, instance:testScript.TC_MercuryTours_Login@7a52f2a2]" started-at="2019-09-21T07:43:17 IST" name="tearDown" finished-at="2019-09-21T07:43:17 IST" duration-ms="766" status="PASS">
          <reporter-output>
          </reporter-output>
        </test-method> <!-- tearDown -->
      </class> <!-- testScript.TC_MercuryTours_Login -->
    </test> <!-- Default test -->
  </suite> <!-- Default suite -->
</testng-results>
