<?xml version="1.0" encoding="UTF-8"?>
<testng-results ignored="0" total="1" passed="1" failed="0" skipped="0">
  <reporter-output>
  </reporter-output>
  <suite started-at="2019-09-07T13:07:00 IST" name="Default suite" finished-at="2019-09-07T13:07:41 IST" duration-ms="40931">
    <groups>
    </groups>
    <test started-at="2019-09-07T13:07:00 IST" name="Default test" finished-at="2019-09-07T13:07:41 IST" duration-ms="40931">
      <class name="basicSelenium.FlipKart1">
        <test-method signature="test2()[pri:0, instance:basicSelenium.FlipKart1@45dd4eda]" started-at="2019-09-07T13:07:00 IST" name="test2" finished-at="2019-09-07T13:07:41 IST" duration-ms="40527" status="PASS">
          <reporter-output>
          </reporter-output>
        </test-method> <!-- test2 -->
      </class> <!-- basicSelenium.FlipKart1 -->
    </test> <!-- Default test -->
  </suite> <!-- Default suite -->
</testng-results>
